<?xml version="1.0" encoding="UTF-8"?>
<testsuite xmlns:xsi="http://www.w3.org/2001/XMLSchema-instance" xsi:noNamespaceSchemaLocation="https://maven.apache.org/surefire/maven-surefire-plugin/xsd/surefire-test-report-3.0.xsd" version="3.0" name="org.aion.AIP041TokenContractTest" time="5.724" tests="29" errors="0" skipped="0" failures="0">
  <properties>
    <property name="sun.desktop" value="gnome"/>
    <property name="awt.toolkit" value="sun.awt.X11.XToolkit"/>
    <property name="java.specification.version" value="11"/>
    <property name="sun.cpu.isalist" value=""/>
    <property name="sun.jnu.encoding" value="UTF-8"/>
    <property name="java.class.path" value="/home/jennifer/Integration/ATS/ATS041AionFungibleTokenReferenceImplementation/target/test-classes:/home/jennifer/Integration/ATS/ATS041AionFungibleTokenReferenceImplementation/target/classes:/home/jennifer/Integration/ATS/ATS041AionFungibleTokenReferenceImplementation/lib/org-aion-avm-api.jar:/home/jennifer/Integration/ATS/ATS041AionFungibleTokenReferenceImplementation/lib/org-aion-avm-userlib.jar:/home/jennifer/Integration/ATS/ATS041AionFungibleTokenReferenceImplementation/lib/org-aion-avm-tooling.jar:/home/jennifer/.m2/repository/junit/junit/4.11/junit-4.11.jar:/home/jennifer/.m2/repository/org/hamcrest/hamcrest-core/1.3/hamcrest-core-1.3.jar:/home/jennifer/.m2/repository/org/aion/AS041Token/avm/1.0-SNAPSHOT/avm-1.0-SNAPSHOT.jar:"/>
    <property name="java.vm.vendor" value="Oracle Corporation"/>
    <property name="sun.arch.data.model" value="64"/>
    <property name="java.vendor.url" value="http://java.oracle.com/"/>
    <property name="user.timezone" value=""/>
    <property name="java.vm.specification.version" value="11"/>
    <property name="os.name" value="Linux"/>
    <property name="sun.java.launcher" value="SUN_STANDARD"/>
    <property name="user.country" value="US"/>
    <property name="sun.boot.library.path" value="/home/jennifer/jdk-11.0.1/lib"/>
    <property name="sun.java.command" value="/home/jennifer/Integration/ATS/ATS041AionFungibleTokenReferenceImplementation/target/surefire/surefirebooter9241889208400487269.jar /home/jennifer/Integration/ATS/ATS041AionFungibleTokenReferenceImplementation/target/surefire 2019-08-30T13-53-03_061-jvmRun1 surefire3307781510219354959tmp surefire_018009597566732448930tmp"/>
    <property name="jdk.debug" value="release"/>
    <property name="surefire.test.class.path" value="/home/jennifer/Integration/ATS/ATS041AionFungibleTokenReferenceImplementation/target/test-classes:/home/jennifer/Integration/ATS/ATS041AionFungibleTokenReferenceImplementation/target/classes:/home/jennifer/Integration/ATS/ATS041AionFungibleTokenReferenceImplementation/lib/org-aion-avm-api.jar:/home/jennifer/Integration/ATS/ATS041AionFungibleTokenReferenceImplementation/lib/org-aion-avm-userlib.jar:/home/jennifer/Integration/ATS/ATS041AionFungibleTokenReferenceImplementation/lib/org-aion-avm-tooling.jar:/home/jennifer/.m2/repository/junit/junit/4.11/junit-4.11.jar:/home/jennifer/.m2/repository/org/hamcrest/hamcrest-core/1.3/hamcrest-core-1.3.jar:/home/jennifer/.m2/repository/org/aion/AS041Token/avm/1.0-SNAPSHOT/avm-1.0-SNAPSHOT.jar:"/>
    <property name="sun.cpu.endian" value="little"/>
    <property name="user.home" value="/home/jennifer"/>
    <property name="user.language" value="en"/>
    <property name="java.specification.vendor" value="Oracle Corporation"/>
    <property name="java.version.date" value="2018-10-16"/>
    <property name="java.home" value="/home/jennifer/jdk-11.0.1"/>
    <property name="file.separator" value="/"/>
    <property name="basedir" value="/home/jennifer/Integration/ATS/ATS041AionFungibleTokenReferenceImplementation"/>
    <property name="java.vm.compressedOopsMode" value="32-bit"/>
    <property name="line.separator" value="&#10;"/>
    <property name="java.specification.name" value="Java Platform API Specification"/>
    <property name="java.vm.specification.vendor" value="Oracle Corporation"/>
    <property name="java.awt.graphicsenv" value="sun.awt.X11GraphicsEnvironment"/>
    <property name="surefire.real.class.path" value="/home/jennifer/Integration/ATS/ATS041AionFungibleTokenReferenceImplementation/target/surefire/surefirebooter9241889208400487269.jar"/>
    <property name="sun.management.compiler" value="HotSpot 64-Bit Tiered Compilers"/>
    <property name="java.runtime.version" value="11.0.1+13"/>
    <property name="user.name" value="jennifer"/>
    <property name="path.separator" value=":"/>
    <property name="os.version" value="4.15.0-58-generic"/>
    <property name="java.runtime.name" value="OpenJDK Runtime Environment"/>
    <property name="file.encoding" value="UTF8"/>
    <property name="java.vm.name" value="OpenJDK 64-Bit Server VM"/>
    <property name="java.vendor.version" value="18.9"/>
    <property name="localRepository" value="/home/jennifer/.m2/repository"/>
    <property name="java.vendor.url.bug" value="http://bugreport.java.com/bugreport/"/>
    <property name="java.io.tmpdir" value="/tmp"/>
    <property name="java.version" value="11.0.1"/>
    <property name="user.dir" value="/home/jennifer/Integration/ATS/ATS041AionFungibleTokenReferenceImplementation"/>
    <property name="os.arch" value="amd64"/>
    <property name="java.vm.specification.name" value="Java Virtual Machine Specification"/>
    <property name="java.awt.printerjob" value="sun.print.PSPrinterJob"/>
    <property name="sun.os.patch.level" value="unknown"/>
    <property name="java.library.path" value="/usr/java/packages/lib:/usr/lib64:/lib64:/lib:/usr/lib"/>
    <property name="java.vendor" value="Oracle Corporation"/>
    <property name="java.vm.info" value="mixed mode"/>
    <property name="java.vm.version" value="11.0.1+13"/>
    <property name="sun.io.unicode.encoding" value="UnicodeLittle"/>
    <property name="java.class.version" value="55.0"/>
  </properties>
  <testcase name="testBurnWrongGranularity" classname="org.aion.AIP041TokenContractTest" time="1.077"/>
  <testcase name="testGetBalanceOfaZeroBalanceAccount" classname="org.aion.AIP041TokenContractTest" time="0.341"/>
  <testcase name="testAuthorizeOperatorTokenHolderItselfWithoutAuthorizing" classname="org.aion.AIP041TokenContractTest" time="0.229"/>
  <testcase name="testSendaValidTransaction" classname="org.aion.AIP041TokenContractTest" time="0.234"/>
  <testcase name="testSendToNullAddress" classname="org.aion.AIP041TokenContractTest" time="0.208"/>
  <testcase name="testAuthorizeOperatorWithaNonExistingOperator" classname="org.aion.AIP041TokenContractTest" time="0.229"/>
  <testcase name="testAuthorizeOperatorTokenHolderItselfAfterAuthorizing" classname="org.aion.AIP041TokenContractTest" time="0.148"/>
  <testcase name="testRevokeOperatorThatWasAnOperator" classname="org.aion.AIP041TokenContractTest" time="0.219"/>
  <testcase name="testBurnWithoutEnoughBalance" classname="org.aion.AIP041TokenContractTest" time="0.168"/>
  <testcase name="testOperatorBurnIsNotOperator" classname="org.aion.AIP041TokenContractTest" time="0.152"/>
  <testcase name="testOperatorSendWithZeroTokenHolderAddress" classname="org.aion.AIP041TokenContractTest" time="0.145"/>
  <testcase name="testSendDisobeyGranularity" classname="org.aion.AIP041TokenContractTest" time="0.162"/>
  <testcase name="testInitializeBalanceToDeployer" classname="org.aion.AIP041TokenContractTest" time="0.153"/>
  <testcase name="testRevokeOperatorTokenHolderItself" classname="org.aion.AIP041TokenContractTest" time="0.134"/>
  <testcase name="testAuthorizeOperatorAnZeroAddress" classname="org.aion.AIP041TokenContractTest" time="0.167"/>
  <testcase name="testIsOperatorForTokenHolderItself" classname="org.aion.AIP041TokenContractTest" time="0.131"/>
  <testcase name="testSendanInvalidTransaction" classname="org.aion.AIP041TokenContractTest" time="0.171"/>
  <testcase name="testSendToZeroAddress" classname="org.aion.AIP041TokenContractTest" time="0.139"/>
  <testcase name="testAuthorizeOperatorWithAnExistingOperator" classname="org.aion.AIP041TokenContractTest" time="0.154"/>
  <testcase name="testInitialization" classname="org.aion.AIP041TokenContractTest" time="0.133"/>
  <testcase name="testOperatorSend" classname="org.aion.AIP041TokenContractTest" time="0.128"/>
  <testcase name="testIsOperatorForWhenIsNotOperator" classname="org.aion.AIP041TokenContractTest" time="0.145"/>
  <testcase name="testAuthorizeOperatorNullAddress" classname="org.aion.AIP041TokenContractTest" time="0.132"/>
  <testcase name="testRevokeOperatorThatWasNotAnOperator" classname="org.aion.AIP041TokenContractTest" time="0.14"/>
  <testcase name="testSendaNegativeTransaction" classname="org.aion.AIP041TokenContractTest" time="0.13"/>
  <testcase name="testOperatorBurnWithZeroTokenHolderAddress" classname="org.aion.AIP041TokenContractTest" time="0.182"/>
  <testcase name="testOperatorSendWhenIsNotOperator" classname="org.aion.AIP041TokenContractTest" time="0.108"/>
  <testcase name="testBurnExceedEnoughBalance" classname="org.aion.AIP041TokenContractTest" time="0.128"/>
  <testcase name="testBurnEnoughBalance" classname="org.aion.AIP041TokenContractTest" time="0.103"/>
</testsuite>