<?xml version="1.0" encoding="UTF-8"?>
<testsuite xmlns:xsi="http://www.w3.org/2001/XMLSchema-instance" xsi:noNamespaceSchemaLocation="https://maven.apache.org/surefire/maven-surefire-plugin/xsd/surefire-test-report-3.0.xsd" version="3.0" name="org.aion.ATSTokenContractTest" time="7.687" tests="34" errors="0" skipped="0" failures="0">
  <properties>
    <property name="sun.desktop" value="gnome"/>
    <property name="awt.toolkit" value="sun.awt.X11.XToolkit"/>
    <property name="java.specification.version" value="11"/>
    <property name="sun.cpu.isalist" value=""/>
    <property name="sun.jnu.encoding" value="UTF-8"/>
    <property name="java.class.path" value="/home/jennifer/Integration/ATS/ATS041AionFungibleTokenReferenceImplementation/target/test-classes:/home/jennifer/Integration/ATS/ATS041AionFungibleTokenReferenceImplementation/target/classes:/home/jennifer/Integration/ATS/ATS041AionFungibleTokenReferenceImplementation/lib/org-aion-avm-api.jar:/home/jennifer/Integration/ATS/ATS041AionFungibleTokenReferenceImplementation/lib/org-aion-avm-userlib.jar:/home/jennifer/Integration/ATS/ATS041AionFungibleTokenReferenceImplementation/lib/org-aion-avm-tooling.jar:/home/jennifer/.m2/repository/junit/junit/4.11/junit-4.11.jar:/home/jennifer/.m2/repository/org/hamcrest/hamcrest-core/1.3/hamcrest-core-1.3.jar:/home/jennifer/.m2/repository/org/aion/ATS041FungibleToken/avm/1.0-SNAPSHOT/avm-1.0-SNAPSHOT.jar:"/>
    <property name="java.vm.vendor" value="Oracle Corporation"/>
    <property name="sun.arch.data.model" value="64"/>
    <property name="java.vendor.url" value="http://java.oracle.com/"/>
    <property name="user.timezone" value=""/>
    <property name="java.vm.specification.version" value="11"/>
    <property name="os.name" value="Linux"/>
    <property name="sun.java.launcher" value="SUN_STANDARD"/>
    <property name="user.country" value="US"/>
    <property name="sun.boot.library.path" value="/home/jennifer/jdk-11.0.1/lib"/>
    <property name="sun.java.command" value="/home/jennifer/Integration/ATS/ATS041AionFungibleTokenReferenceImplementation/target/surefire/surefirebooter13000289005071427028.jar /home/jennifer/Integration/ATS/ATS041AionFungibleTokenReferenceImplementation/target/surefire 2019-08-08T14-27-27_532-jvmRun1 surefire581822995741951704tmp surefire_09944734739918975444tmp"/>
    <property name="jdk.debug" value="release"/>
    <property name="surefire.test.class.path" value="/home/jennifer/Integration/ATS/ATS041AionFungibleTokenReferenceImplementation/target/test-classes:/home/jennifer/Integration/ATS/ATS041AionFungibleTokenReferenceImplementation/target/classes:/home/jennifer/Integration/ATS/ATS041AionFungibleTokenReferenceImplementation/lib/org-aion-avm-api.jar:/home/jennifer/Integration/ATS/ATS041AionFungibleTokenReferenceImplementation/lib/org-aion-avm-userlib.jar:/home/jennifer/Integration/ATS/ATS041AionFungibleTokenReferenceImplementation/lib/org-aion-avm-tooling.jar:/home/jennifer/.m2/repository/junit/junit/4.11/junit-4.11.jar:/home/jennifer/.m2/repository/org/hamcrest/hamcrest-core/1.3/hamcrest-core-1.3.jar:/home/jennifer/.m2/repository/org/aion/ATS041FungibleToken/avm/1.0-SNAPSHOT/avm-1.0-SNAPSHOT.jar:"/>
    <property name="sun.cpu.endian" value="little"/>
    <property name="user.home" value="/home/jennifer"/>
    <property name="user.language" value="en"/>
    <property name="java.specification.vendor" value="Oracle Corporation"/>
    <property name="java.version.date" value="2018-10-16"/>
    <property name="java.home" value="/home/jennifer/jdk-11.0.1"/>
    <property name="file.separator" value="/"/>
    <property name="basedir" value="/home/jennifer/Integration/ATS/ATS041AionFungibleTokenReferenceImplementation"/>
    <property name="java.vm.compressedOopsMode" value="32-bit"/>
    <property name="line.separator" value="&#10;"/>
    <property name="java.specification.name" value="Java Platform API Specification"/>
    <property name="java.vm.specification.vendor" value="Oracle Corporation"/>
    <property name="java.awt.graphicsenv" value="sun.awt.X11GraphicsEnvironment"/>
    <property name="surefire.real.class.path" value="/home/jennifer/Integration/ATS/ATS041AionFungibleTokenReferenceImplementation/target/surefire/surefirebooter13000289005071427028.jar"/>
    <property name="sun.management.compiler" value="HotSpot 64-Bit Tiered Compilers"/>
    <property name="java.runtime.version" value="11.0.1+13"/>
    <property name="user.name" value="jennifer"/>
    <property name="path.separator" value=":"/>
    <property name="os.version" value="4.15.0-55-generic"/>
    <property name="java.runtime.name" value="OpenJDK Runtime Environment"/>
    <property name="file.encoding" value="UTF8"/>
    <property name="java.vm.name" value="OpenJDK 64-Bit Server VM"/>
    <property name="java.vendor.version" value="18.9"/>
    <property name="localRepository" value="/home/jennifer/.m2/repository"/>
    <property name="java.vendor.url.bug" value="http://bugreport.java.com/bugreport/"/>
    <property name="java.io.tmpdir" value="/tmp"/>
    <property name="java.version" value="11.0.1"/>
    <property name="user.dir" value="/home/jennifer/Integration/ATS/ATS041AionFungibleTokenReferenceImplementation"/>
    <property name="os.arch" value="amd64"/>
    <property name="java.vm.specification.name" value="Java Virtual Machine Specification"/>
    <property name="java.awt.printerjob" value="sun.print.PSPrinterJob"/>
    <property name="sun.os.patch.level" value="unknown"/>
    <property name="java.library.path" value="/usr/java/packages/lib:/usr/lib64:/lib64:/lib:/usr/lib"/>
    <property name="java.vendor" value="Oracle Corporation"/>
    <property name="java.vm.info" value="mixed mode"/>
    <property name="java.vm.version" value="11.0.1+13"/>
    <property name="sun.io.unicode.encoding" value="UnicodeLittle"/>
    <property name="java.class.version" value="55.0"/>
  </properties>
  <testcase name="testBurnWrongGranularity" classname="org.aion.ATSTokenContractTest" time="1.216"/>
  <testcase name="testGetBalanceOfaZeroBalanceAccount" classname="org.aion.ATSTokenContractTest" time="0.39"/>
  <testcase name="testTokenCreation" classname="org.aion.ATSTokenContractTest" time="0.256"/>
  <testcase name="testAuthorizeOperatorTokenHolderItselfWithoutAuthorizing" classname="org.aion.ATSTokenContractTest" time="0.266"/>
  <testcase name="testSendaValidTransaction" classname="org.aion.ATSTokenContractTest" time="0.269"/>
  <testcase name="testSendToNullAddress" classname="org.aion.ATSTokenContractTest" time="0.204"/>
  <testcase name="testMintByAnNonIssuer" classname="org.aion.ATSTokenContractTest" time="0.24"/>
  <testcase name="testAuthorizeOperatorWithaNonExistingOperator" classname="org.aion.ATSTokenContractTest" time="0.275"/>
  <testcase name="testAuthorizeOperatorTokenHolderItselfAfterAuthorizing" classname="org.aion.ATSTokenContractTest" time="0.253"/>
  <testcase name="testRevokeOperatorThatWasAnOperator" classname="org.aion.ATSTokenContractTest" time="0.242"/>
  <testcase name="testMint" classname="org.aion.ATSTokenContractTest" time="0.249"/>
  <testcase name="testBurnWithoutEnoughBalance" classname="org.aion.ATSTokenContractTest" time="0.25"/>
  <testcase name="testMintDisobeyGranularity" classname="org.aion.ATSTokenContractTest" time="0.219"/>
  <testcase name="testOperatorBurnIsNotOperator" classname="org.aion.ATSTokenContractTest" time="0.186"/>
  <testcase name="testOperatorSendWithZeroTokenHolderAddress" classname="org.aion.ATSTokenContractTest" time="0.141"/>
  <testcase name="testSendDisobeyGranularity" classname="org.aion.ATSTokenContractTest" time="0.123"/>
  <testcase name="testRevokeOperatorTokenHolderItself" classname="org.aion.ATSTokenContractTest" time="0.177"/>
  <testcase name="testAuthorizeOperatorAnZeroAddress" classname="org.aion.ATSTokenContractTest" time="0.149"/>
  <testcase name="testIsOperatorForTokenHolderItself" classname="org.aion.ATSTokenContractTest" time="0.157"/>
  <testcase name="testSendanInvalidTransaction" classname="org.aion.ATSTokenContractTest" time="0.168"/>
  <testcase name="testSendToZeroAddress" classname="org.aion.ATSTokenContractTest" time="0.156"/>
  <testcase name="testAuthorizeOperatorWithAnExistingOperator" classname="org.aion.ATSTokenContractTest" time="0.158"/>
  <testcase name="testAddTokenIssuerThatIsAlreadyExisting" classname="org.aion.ATSTokenContractTest" time="0.161"/>
  <testcase name="testOperatorSend" classname="org.aion.ATSTokenContractTest" time="0.158"/>
  <testcase name="testIsOperatorForWhenIsNotOperator" classname="org.aion.ATSTokenContractTest" time="0.156"/>
  <testcase name="testAuthorizeOperatorNullAddress" classname="org.aion.ATSTokenContractTest" time="0.179"/>
  <testcase name="testRevokeOperatorThatWasNotAnOperator" classname="org.aion.ATSTokenContractTest" time="0.2"/>
  <testcase name="testAddTokenIssuerByNotTokenCreator" classname="org.aion.ATSTokenContractTest" time="0.182"/>
  <testcase name="testSendaNegativeTransaction" classname="org.aion.ATSTokenContractTest" time="0.167"/>
  <testcase name="testOperatorBurnWithZeroTokenHolderAddress" classname="org.aion.ATSTokenContractTest" time="0.148"/>
  <testcase name="testOperatorSendWhenIsNotOperator" classname="org.aion.ATSTokenContractTest" time="0.149"/>
  <testcase name="testBurnExceedEnoughBalance" classname="org.aion.ATSTokenContractTest" time="0.151"/>
  <testcase name="testAddTokenIssuer" classname="org.aion.ATSTokenContractTest" time="0.144"/>
  <testcase name="testBurnEnoughBalance" classname="org.aion.ATSTokenContractTest" time="0.128"/>
</testsuite>